<?xml version="1.0" encoding="UTF-8"?>
<!-- Generated by org.testng.reporters.JUnitReportReporter -->
<testsuite skipped="0" hostname="SACHU-PC" name="com.test.SingupTest" tests="2" failures="0" timestamp="12 May 2019 09:40:26 GMT" time="0.029" errors="0">
  <testcase name="testCase3" time="0.026" classname="com.test.SingupTest"/>
  <testcase name="testCase4" time="0.003" classname="com.test.SingupTest"/>
</testsuite> <!-- com.test.SingupTest -->
