<?xml version="1.0" encoding="UTF-8"?>
<!-- Generated by org.testng.reporters.JUnitReportReporter -->
<testsuite hostname="SACHU-PC" name="com.test.Dashboard" tests="1" failures="0" timestamp="17 May 2019 10:28:12 GMT" time="149.203" errors="0">
  <testcase name="getCurrentTitle" time="149.203" classname="com.test.Dashboard"/>
</testsuite> <!-- com.test.Dashboard -->
