<?xml version="1.0" encoding="UTF-8"?>
<!-- Generated by org.testng.reporters.JUnitReportReporter -->
<testsuite hostname="SACHU-PC" name="com.test.LoginTest" tests="17" failures="0" timestamp="17 May 2019 10:48:24 GMT" time="5.071" errors="0">
  <testcase name="LoginLogotext" time="0.038" classname="com.test.LoginTest"/>
  <testcase name="InvalidLogin" time="0.270" classname="com.test.LoginTest"/>
  <testcase name="TestTitle" time="0.026" classname="com.test.LoginTest"/>
  <testcase name="TestCheckTitle" time="0.013" classname="com.test.LoginTest"/>
  <testcase name="InvalidEmailBlankPassword" time="0.273" classname="com.test.LoginTest"/>
  <testcase name="LoginBoxMsg" time="0.051" classname="com.test.LoginTest"/>
  <testcase name="EmailErrorMsg" time="0.302" classname="com.test.LoginTest"/>
  <testcase name="ValidEmailInvalidPassword" time="0.303" classname="com.test.LoginTest"/>
  <testcase name="BlankLogin" time="2.267" classname="com.test.LoginTest"/>
  <testcase name="BlankEmailInvalidPassword" time="0.333" classname="com.test.LoginTest"/>
  <testcase name="EmailPlaceholderMsg" time="0.032" classname="com.test.LoginTest"/>
  <testcase name="testValidEmailValidPassword" time="0.420" classname="com.test.LoginTest"/>
  <testcase name="getCurrentTitle" time="0.025" classname="com.test.LoginTest"/>
  <testcase name="LoginLogoDisplayed" time="0.048" classname="com.test.LoginTest"/>
  <testcase name="PasswordErrorMsg" time="0.336" classname="com.test.LoginTest"/>
  <testcase name="InvalidEmailValidPassword" time="0.303" classname="com.test.LoginTest"/>
  <testcase name="PasswordPlaceholderMsg" time="0.031" classname="com.test.LoginTest"/>
</testsuite> <!-- com.test.LoginTest -->
